2020-03-30 | 21:40:44.923 | [] |  INFO | HoteleApplication              | (    55) | Starting HoteleApplication on LAPTOP-I9I4MNOL with PID 9676 (C:\Users\Ania\Documents\DreamMail\java\zajęcia_online\Blok_10\hotele\target\classes started by Ania in C:\Users\Ania\Documents\DreamMail\java\zajęcia_online\Blok_10\hotele)
2020-03-30 | 21:40:44.935 | [] | DEBUG | HoteleApplication              | (    56) | Running with Spring Boot v2.2.6.RELEASE, Spring v5.2.5.RELEASE
2020-03-30 | 21:40:44.935 | [] |  INFO | HoteleApplication              | (   655) | The following profiles are active: dev
2020-03-30 | 21:40:46.181 | [] |  WARN | AnnotationConfigServletWebServerApplicationContext | (   558) | Exception encountered during context initialization - cancelling refresh attempt: org.springframework.beans.factory.BeanDefinitionStoreException: Failed to parse configuration class [akademia.HoteleApplication]; nested exception is java.io.FileNotFoundException: class path resource [config-dev.properties] cannot be opened because it does not exist
2020-03-30 | 21:40:46.327 | [] | ERROR | SpringApplication              | (   826) | Application run failed
org.springframework.beans.factory.BeanDefinitionStoreException: Failed to parse configuration class [akademia.HoteleApplication]; nested exception is java.io.FileNotFoundException: class path resource [config-dev.properties] cannot be opened because it does not exist
	at org.springframework.context.annotation.ConfigurationClassParser.parse(ConfigurationClassParser.java:188)
	at org.springframework.context.annotation.ConfigurationClassPostProcessor.processConfigBeanDefinitions(ConfigurationClassPostProcessor.java:319)
	at org.springframework.context.annotation.ConfigurationClassPostProcessor.postProcessBeanDefinitionRegistry(ConfigurationClassPostProcessor.java:236)
	at org.springframework.context.support.PostProcessorRegistrationDelegate.invokeBeanDefinitionRegistryPostProcessors(PostProcessorRegistrationDelegate.java:275)
	at org.springframework.context.support.PostProcessorRegistrationDelegate.invokeBeanFactoryPostProcessors(PostProcessorRegistrationDelegate.java:95)
	at org.springframework.context.support.AbstractApplicationContext.invokeBeanFactoryPostProcessors(AbstractApplicationContext.java:706)
	at org.springframework.context.support.AbstractApplicationContext.refresh(AbstractApplicationContext.java:532)
	at org.springframework.boot.web.servlet.context.ServletWebServerApplicationContext.refresh(ServletWebServerApplicationContext.java:141)
	at org.springframework.boot.SpringApplication.refresh(SpringApplication.java:747)
	at org.springframework.boot.SpringApplication.refreshContext(SpringApplication.java:397)
	at org.springframework.boot.SpringApplication.run(SpringApplication.java:315)
	at org.springframework.boot.SpringApplication.run(SpringApplication.java:1226)
	at org.springframework.boot.SpringApplication.run(SpringApplication.java:1215)
	at akademia.HoteleApplication.main(HoteleApplication.java:10)
Caused by: java.io.FileNotFoundException: class path resource [config-dev.properties] cannot be opened because it does not exist
	at org.springframework.core.io.ClassPathResource.getInputStream(ClassPathResource.java:180)
	at org.springframework.core.io.support.EncodedResource.getInputStream(EncodedResource.java:159)
	at org.springframework.core.io.support.PropertiesLoaderUtils.fillProperties(PropertiesLoaderUtils.java:99)
	at org.springframework.core.io.support.PropertiesLoaderUtils.fillProperties(PropertiesLoaderUtils.java:73)
	at org.springframework.core.io.support.PropertiesLoaderUtils.loadProperties(PropertiesLoaderUtils.java:59)
	at org.springframework.core.io.support.ResourcePropertySource.<init>(ResourcePropertySource.java:67)
	at org.springframework.core.io.support.DefaultPropertySourceFactory.createPropertySource(DefaultPropertySourceFactory.java:37)
	at org.springframework.context.annotation.ConfigurationClassParser.processPropertySource(ConfigurationClassParser.java:462)
	at org.springframework.context.annotation.ConfigurationClassParser.doProcessConfigurationClass(ConfigurationClassParser.java:279)
	at org.springframework.context.annotation.ConfigurationClassParser.processConfigurationClass(ConfigurationClassParser.java:249)
	at org.springframework.context.annotation.ConfigurationClassParser.parse(ConfigurationClassParser.java:198)
	at org.springframework.context.annotation.ConfigurationClassParser.doProcessConfigurationClass(ConfigurationClassParser.java:303)
	at org.springframework.context.annotation.ConfigurationClassParser.processConfigurationClass(ConfigurationClassParser.java:249)
	at org.springframework.context.annotation.ConfigurationClassParser.parse(ConfigurationClassParser.java:206)
	at org.springframework.context.annotation.ConfigurationClassParser.parse(ConfigurationClassParser.java:174)
	... 13 common frames omitted
2020-03-30 | 21:41:20.146 | [] |  INFO | HoteleApplication              | (    55) | Starting HoteleApplication on LAPTOP-I9I4MNOL with PID 7796 (C:\Users\Ania\Documents\DreamMail\java\zajęcia_online\Blok_10\hotele\target\classes started by Ania in C:\Users\Ania\Documents\DreamMail\java\zajęcia_online\Blok_10\hotele)
2020-03-30 | 21:41:20.155 | [] | DEBUG | HoteleApplication              | (    56) | Running with Spring Boot v2.2.6.RELEASE, Spring v5.2.5.RELEASE
2020-03-30 | 21:41:20.156 | [] |  INFO | HoteleApplication              | (   655) | The following profiles are active: dev
2020-03-30 | 21:41:20.896 | [] |  WARN | AnnotationConfigServletWebServerApplicationContext | (   558) | Exception encountered during context initialization - cancelling refresh attempt: org.springframework.beans.factory.BeanDefinitionStoreException: Failed to parse configuration class [akademia.HoteleApplication]; nested exception is java.io.FileNotFoundException: class path resource [config-dev.properties] cannot be opened because it does not exist
2020-03-30 | 21:41:20.951 | [] | ERROR | SpringApplication              | (   826) | Application run failed
org.springframework.beans.factory.BeanDefinitionStoreException: Failed to parse configuration class [akademia.HoteleApplication]; nested exception is java.io.FileNotFoundException: class path resource [config-dev.properties] cannot be opened because it does not exist
	at org.springframework.context.annotation.ConfigurationClassParser.parse(ConfigurationClassParser.java:188)
	at org.springframework.context.annotation.ConfigurationClassPostProcessor.processConfigBeanDefinitions(ConfigurationClassPostProcessor.java:319)
	at org.springframework.context.annotation.ConfigurationClassPostProcessor.postProcessBeanDefinitionRegistry(ConfigurationClassPostProcessor.java:236)
	at org.springframework.context.support.PostProcessorRegistrationDelegate.invokeBeanDefinitionRegistryPostProcessors(PostProcessorRegistrationDelegate.java:275)
	at org.springframework.context.support.PostProcessorRegistrationDelegate.invokeBeanFactoryPostProcessors(PostProcessorRegistrationDelegate.java:95)
	at org.springframework.context.support.AbstractApplicationContext.invokeBeanFactoryPostProcessors(AbstractApplicationContext.java:706)
	at org.springframework.context.support.AbstractApplicationContext.refresh(AbstractApplicationContext.java:532)
	at org.springframework.boot.web.servlet.context.ServletWebServerApplicationContext.refresh(ServletWebServerApplicationContext.java:141)
	at org.springframework.boot.SpringApplication.refresh(SpringApplication.java:747)
	at org.springframework.boot.SpringApplication.refreshContext(SpringApplication.java:397)
	at org.springframework.boot.SpringApplication.run(SpringApplication.java:315)
	at org.springframework.boot.SpringApplication.run(SpringApplication.java:1226)
	at org.springframework.boot.SpringApplication.run(SpringApplication.java:1215)
	at akademia.HoteleApplication.main(HoteleApplication.java:10)
Caused by: java.io.FileNotFoundException: class path resource [config-dev.properties] cannot be opened because it does not exist
	at org.springframework.core.io.ClassPathResource.getInputStream(ClassPathResource.java:180)
	at org.springframework.core.io.support.EncodedResource.getInputStream(EncodedResource.java:159)
	at org.springframework.core.io.support.PropertiesLoaderUtils.fillProperties(PropertiesLoaderUtils.java:99)
	at org.springframework.core.io.support.PropertiesLoaderUtils.fillProperties(PropertiesLoaderUtils.java:73)
	at org.springframework.core.io.support.PropertiesLoaderUtils.loadProperties(PropertiesLoaderUtils.java:59)
	at org.springframework.core.io.support.ResourcePropertySource.<init>(ResourcePropertySource.java:67)
	at org.springframework.core.io.support.DefaultPropertySourceFactory.createPropertySource(DefaultPropertySourceFactory.java:37)
	at org.springframework.context.annotation.ConfigurationClassParser.processPropertySource(ConfigurationClassParser.java:462)
	at org.springframework.context.annotation.ConfigurationClassParser.doProcessConfigurationClass(ConfigurationClassParser.java:279)
	at org.springframework.context.annotation.ConfigurationClassParser.processConfigurationClass(ConfigurationClassParser.java:249)
	at org.springframework.context.annotation.ConfigurationClassParser.parse(ConfigurationClassParser.java:198)
	at org.springframework.context.annotation.ConfigurationClassParser.doProcessConfigurationClass(ConfigurationClassParser.java:303)
	at org.springframework.context.annotation.ConfigurationClassParser.processConfigurationClass(ConfigurationClassParser.java:249)
	at org.springframework.context.annotation.ConfigurationClassParser.parse(ConfigurationClassParser.java:206)
	at org.springframework.context.annotation.ConfigurationClassParser.parse(ConfigurationClassParser.java:174)
	... 13 common frames omitted
2020-03-30 | 21:50:30.775 | [] |  INFO | HoteleApplication              | (    55) | Starting HoteleApplication on LAPTOP-I9I4MNOL with PID 4440 (C:\Users\Ania\Documents\DreamMail\java\zajęcia_online\Blok_10\hotele\target\classes started by Ania in C:\Users\Ania\Documents\DreamMail\java\zajęcia_online\Blok_10\hotele)
2020-03-30 | 21:50:30.815 | [] | DEBUG | HoteleApplication              | (    56) | Running with Spring Boot v2.2.6.RELEASE, Spring v5.2.5.RELEASE
2020-03-30 | 21:50:30.817 | [] |  INFO | HoteleApplication              | (   655) | The following profiles are active: dev
2020-03-30 | 21:50:32.635 | [] |  WARN | AnnotationConfigServletWebServerApplicationContext | (   558) | Exception encountered during context initialization - cancelling refresh attempt: org.springframework.beans.factory.BeanDefinitionStoreException: Failed to parse configuration class [akademia.HoteleApplication]; nested exception is java.io.FileNotFoundException: class path resource [config-dev.properties] cannot be opened because it does not exist
2020-03-30 | 21:50:32.767 | [] | ERROR | SpringApplication              | (   826) | Application run failed
org.springframework.beans.factory.BeanDefinitionStoreException: Failed to parse configuration class [akademia.HoteleApplication]; nested exception is java.io.FileNotFoundException: class path resource [config-dev.properties] cannot be opened because it does not exist
	at org.springframework.context.annotation.ConfigurationClassParser.parse(ConfigurationClassParser.java:188)
	at org.springframework.context.annotation.ConfigurationClassPostProcessor.processConfigBeanDefinitions(ConfigurationClassPostProcessor.java:319)
	at org.springframework.context.annotation.ConfigurationClassPostProcessor.postProcessBeanDefinitionRegistry(ConfigurationClassPostProcessor.java:236)
	at org.springframework.context.support.PostProcessorRegistrationDelegate.invokeBeanDefinitionRegistryPostProcessors(PostProcessorRegistrationDelegate.java:275)
	at org.springframework.context.support.PostProcessorRegistrationDelegate.invokeBeanFactoryPostProcessors(PostProcessorRegistrationDelegate.java:95)
	at org.springframework.context.support.AbstractApplicationContext.invokeBeanFactoryPostProcessors(AbstractApplicationContext.java:706)
	at org.springframework.context.support.AbstractApplicationContext.refresh(AbstractApplicationContext.java:532)
	at org.springframework.boot.web.servlet.context.ServletWebServerApplicationContext.refresh(ServletWebServerApplicationContext.java:141)
	at org.springframework.boot.SpringApplication.refresh(SpringApplication.java:747)
	at org.springframework.boot.SpringApplication.refreshContext(SpringApplication.java:397)
	at org.springframework.boot.SpringApplication.run(SpringApplication.java:315)
	at org.springframework.boot.SpringApplication.run(SpringApplication.java:1226)
	at org.springframework.boot.SpringApplication.run(SpringApplication.java:1215)
	at akademia.HoteleApplication.main(HoteleApplication.java:10)
Caused by: java.io.FileNotFoundException: class path resource [config-dev.properties] cannot be opened because it does not exist
	at org.springframework.core.io.ClassPathResource.getInputStream(ClassPathResource.java:180)
	at org.springframework.core.io.support.EncodedResource.getInputStream(EncodedResource.java:159)
	at org.springframework.core.io.support.PropertiesLoaderUtils.fillProperties(PropertiesLoaderUtils.java:99)
	at org.springframework.core.io.support.PropertiesLoaderUtils.fillProperties(PropertiesLoaderUtils.java:73)
	at org.springframework.core.io.support.PropertiesLoaderUtils.loadProperties(PropertiesLoaderUtils.java:59)
	at org.springframework.core.io.support.ResourcePropertySource.<init>(ResourcePropertySource.java:67)
	at org.springframework.core.io.support.DefaultPropertySourceFactory.createPropertySource(DefaultPropertySourceFactory.java:37)
	at org.springframework.context.annotation.ConfigurationClassParser.processPropertySource(ConfigurationClassParser.java:462)
	at org.springframework.context.annotation.ConfigurationClassParser.doProcessConfigurationClass(ConfigurationClassParser.java:279)
	at org.springframework.context.annotation.ConfigurationClassParser.processConfigurationClass(ConfigurationClassParser.java:249)
	at org.springframework.context.annotation.ConfigurationClassParser.parse(ConfigurationClassParser.java:198)
	at org.springframework.context.annotation.ConfigurationClassParser.doProcessConfigurationClass(ConfigurationClassParser.java:303)
	at org.springframework.context.annotation.ConfigurationClassParser.processConfigurationClass(ConfigurationClassParser.java:249)
	at org.springframework.context.annotation.ConfigurationClassParser.parse(ConfigurationClassParser.java:206)
	at org.springframework.context.annotation.ConfigurationClassParser.parse(ConfigurationClassParser.java:174)
	... 13 common frames omitted
2020-03-30 | 21:51:44.666 | [] |  INFO | HoteleApplication              | (    55) | Starting HoteleApplication on LAPTOP-I9I4MNOL with PID 4224 (C:\Users\Ania\Documents\DreamMail\java\zajęcia_online\Blok_10\hotele\target\classes started by Ania in C:\Users\Ania\Documents\DreamMail\java\zajęcia_online\Blok_10\hotele)
2020-03-30 | 21:51:44.699 | [] | DEBUG | HoteleApplication              | (    56) | Running with Spring Boot v2.2.6.RELEASE, Spring v5.2.5.RELEASE
2020-03-30 | 21:51:44.701 | [] |  INFO | HoteleApplication              | (   655) | The following profiles are active: dev
2020-03-30 | 21:51:46.005 | [] |  WARN | AnnotationConfigServletWebServerApplicationContext | (   558) | Exception encountered during context initialization - cancelling refresh attempt: org.springframework.beans.factory.BeanDefinitionStoreException: Failed to parse configuration class [akademia.HoteleApplication]; nested exception is java.io.FileNotFoundException: class path resource [config-dev.properties] cannot be opened because it does not exist
2020-03-30 | 21:51:46.547 | [] | ERROR | SpringApplication              | (   826) | Application run failed
org.springframework.beans.factory.BeanDefinitionStoreException: Failed to parse configuration class [akademia.HoteleApplication]; nested exception is java.io.FileNotFoundException: class path resource [config-dev.properties] cannot be opened because it does not exist
	at org.springframework.context.annotation.ConfigurationClassParser.parse(ConfigurationClassParser.java:188)
	at org.springframework.context.annotation.ConfigurationClassPostProcessor.processConfigBeanDefinitions(ConfigurationClassPostProcessor.java:319)
	at org.springframework.context.annotation.ConfigurationClassPostProcessor.postProcessBeanDefinitionRegistry(ConfigurationClassPostProcessor.java:236)
	at org.springframework.context.support.PostProcessorRegistrationDelegate.invokeBeanDefinitionRegistryPostProcessors(PostProcessorRegistrationDelegate.java:275)
	at org.springframework.context.support.PostProcessorRegistrationDelegate.invokeBeanFactoryPostProcessors(PostProcessorRegistrationDelegate.java:95)
	at org.springframework.context.support.AbstractApplicationContext.invokeBeanFactoryPostProcessors(AbstractApplicationContext.java:706)
	at org.springframework.context.support.AbstractApplicationContext.refresh(AbstractApplicationContext.java:532)
	at org.springframework.boot.web.servlet.context.ServletWebServerApplicationContext.refresh(ServletWebServerApplicationContext.java:141)
	at org.springframework.boot.SpringApplication.refresh(SpringApplication.java:747)
	at org.springframework.boot.SpringApplication.refreshContext(SpringApplication.java:397)
	at org.springframework.boot.SpringApplication.run(SpringApplication.java:315)
	at org.springframework.boot.SpringApplication.run(SpringApplication.java:1226)
	at org.springframework.boot.SpringApplication.run(SpringApplication.java:1215)
	at akademia.HoteleApplication.main(HoteleApplication.java:10)
Caused by: java.io.FileNotFoundException: class path resource [config-dev.properties] cannot be opened because it does not exist
	at org.springframework.core.io.ClassPathResource.getInputStream(ClassPathResource.java:180)
	at org.springframework.core.io.support.EncodedResource.getInputStream(EncodedResource.java:159)
	at org.springframework.core.io.support.PropertiesLoaderUtils.fillProperties(PropertiesLoaderUtils.java:99)
	at org.springframework.core.io.support.PropertiesLoaderUtils.fillProperties(PropertiesLoaderUtils.java:73)
	at org.springframework.core.io.support.PropertiesLoaderUtils.loadProperties(PropertiesLoaderUtils.java:59)
	at org.springframework.core.io.support.ResourcePropertySource.<init>(ResourcePropertySource.java:67)
	at org.springframework.core.io.support.DefaultPropertySourceFactory.createPropertySource(DefaultPropertySourceFactory.java:37)
	at org.springframework.context.annotation.ConfigurationClassParser.processPropertySource(ConfigurationClassParser.java:462)
	at org.springframework.context.annotation.ConfigurationClassParser.doProcessConfigurationClass(ConfigurationClassParser.java:279)
	at org.springframework.context.annotation.ConfigurationClassParser.processConfigurationClass(ConfigurationClassParser.java:249)
	at org.springframework.context.annotation.ConfigurationClassParser.parse(ConfigurationClassParser.java:198)
	at org.springframework.context.annotation.ConfigurationClassParser.doProcessConfigurationClass(ConfigurationClassParser.java:303)
	at org.springframework.context.annotation.ConfigurationClassParser.processConfigurationClass(ConfigurationClassParser.java:249)
	at org.springframework.context.annotation.ConfigurationClassParser.parse(ConfigurationClassParser.java:206)
	at org.springframework.context.annotation.ConfigurationClassParser.parse(ConfigurationClassParser.java:174)
	... 13 common frames omitted
2020-03-30 | 22:09:32.826 | [] |  INFO | HoteleApplication              | (    55) | Starting HoteleApplication on LAPTOP-I9I4MNOL with PID 7988 (C:\Users\Ania\Documents\DreamMail\java\zajęcia_online\Blok_10\hotele\target\classes started by Ania in C:\Users\Ania\Documents\DreamMail\java\zajęcia_online\Blok_10\hotele)
2020-03-30 | 22:09:32.851 | [] | DEBUG | HoteleApplication              | (    56) | Running with Spring Boot v2.2.6.RELEASE, Spring v5.2.5.RELEASE
2020-03-30 | 22:09:32.852 | [] |  INFO | HoteleApplication              | (   655) | The following profiles are active: dev
2020-03-30 | 22:09:35.887 | [] |  WARN | AnnotationConfigServletWebServerApplicationContext | (   558) | Exception encountered during context initialization - cancelling refresh attempt: org.springframework.beans.factory.BeanDefinitionStoreException: Failed to parse configuration class [akademia.HoteleApplication]; nested exception is java.io.FileNotFoundException: class path resource [config-dev.properties] cannot be opened because it does not exist
2020-03-30 | 22:09:36.275 | [] | ERROR | SpringApplication              | (   826) | Application run failed
org.springframework.beans.factory.BeanDefinitionStoreException: Failed to parse configuration class [akademia.HoteleApplication]; nested exception is java.io.FileNotFoundException: class path resource [config-dev.properties] cannot be opened because it does not exist
	at org.springframework.context.annotation.ConfigurationClassParser.parse(ConfigurationClassParser.java:188)
	at org.springframework.context.annotation.ConfigurationClassPostProcessor.processConfigBeanDefinitions(ConfigurationClassPostProcessor.java:319)
	at org.springframework.context.annotation.ConfigurationClassPostProcessor.postProcessBeanDefinitionRegistry(ConfigurationClassPostProcessor.java:236)
	at org.springframework.context.support.PostProcessorRegistrationDelegate.invokeBeanDefinitionRegistryPostProcessors(PostProcessorRegistrationDelegate.java:275)
	at org.springframework.context.support.PostProcessorRegistrationDelegate.invokeBeanFactoryPostProcessors(PostProcessorRegistrationDelegate.java:95)
	at org.springframework.context.support.AbstractApplicationContext.invokeBeanFactoryPostProcessors(AbstractApplicationContext.java:706)
	at org.springframework.context.support.AbstractApplicationContext.refresh(AbstractApplicationContext.java:532)
	at org.springframework.boot.web.servlet.context.ServletWebServerApplicationContext.refresh(ServletWebServerApplicationContext.java:141)
	at org.springframework.boot.SpringApplication.refresh(SpringApplication.java:747)
	at org.springframework.boot.SpringApplication.refreshContext(SpringApplication.java:397)
	at org.springframework.boot.SpringApplication.run(SpringApplication.java:315)
	at org.springframework.boot.SpringApplication.run(SpringApplication.java:1226)
	at org.springframework.boot.SpringApplication.run(SpringApplication.java:1215)
	at akademia.HoteleApplication.main(HoteleApplication.java:10)
Caused by: java.io.FileNotFoundException: class path resource [config-dev.properties] cannot be opened because it does not exist
	at org.springframework.core.io.ClassPathResource.getInputStream(ClassPathResource.java:180)
	at org.springframework.core.io.support.EncodedResource.getInputStream(EncodedResource.java:159)
	at org.springframework.core.io.support.PropertiesLoaderUtils.fillProperties(PropertiesLoaderUtils.java:99)
	at org.springframework.core.io.support.PropertiesLoaderUtils.fillProperties(PropertiesLoaderUtils.java:73)
	at org.springframework.core.io.support.PropertiesLoaderUtils.loadProperties(PropertiesLoaderUtils.java:59)
	at org.springframework.core.io.support.ResourcePropertySource.<init>(ResourcePropertySource.java:67)
	at org.springframework.core.io.support.DefaultPropertySourceFactory.createPropertySource(DefaultPropertySourceFactory.java:37)
	at org.springframework.context.annotation.ConfigurationClassParser.processPropertySource(ConfigurationClassParser.java:462)
	at org.springframework.context.annotation.ConfigurationClassParser.doProcessConfigurationClass(ConfigurationClassParser.java:279)
	at org.springframework.context.annotation.ConfigurationClassParser.processConfigurationClass(ConfigurationClassParser.java:249)
	at org.springframework.context.annotation.ConfigurationClassParser.parse(ConfigurationClassParser.java:198)
	at org.springframework.context.annotation.ConfigurationClassParser.doProcessConfigurationClass(ConfigurationClassParser.java:303)
	at org.springframework.context.annotation.ConfigurationClassParser.processConfigurationClass(ConfigurationClassParser.java:249)
	at org.springframework.context.annotation.ConfigurationClassParser.parse(ConfigurationClassParser.java:206)
	at org.springframework.context.annotation.ConfigurationClassParser.parse(ConfigurationClassParser.java:174)
	... 13 common frames omitted
2020-03-30 | 22:15:56.152 | [] |  INFO | HoteleApplication              | (    55) | Starting HoteleApplication on LAPTOP-I9I4MNOL with PID 6556 (C:\Users\Ania\Documents\DreamMail\java\zajęcia_online\Blok_10\hotele\target\classes started by Ania in C:\Users\Ania\Documents\DreamMail\java\zajęcia_online\Blok_10\hotele)
2020-03-30 | 22:15:56.161 | [] | DEBUG | HoteleApplication              | (    56) | Running with Spring Boot v2.2.6.RELEASE, Spring v5.2.5.RELEASE
2020-03-30 | 22:15:56.162 | [] |  INFO | HoteleApplication              | (   655) | The following profiles are active: dev
2020-03-30 | 22:16:00.326 | [] |  INFO | RepositoryConfigurationDelegate | (   249) | Multiple Spring Data modules found, entering strict repository configuration mode!
2020-03-30 | 22:16:00.326 | [] |  INFO | RepositoryConfigurationDelegate | (   127) | Bootstrapping Spring Data JDBC repositories in DEFAULT mode.
2020-03-30 | 22:16:00.600 | [] |  INFO | RepositoryConfigurationExtensionSupport | (   348) | Spring Data JDBC - Could not safely identify store assignment for repository candidate interface akademia.repositories.HotelRepository. If you want this repository to be a JDBC repository, consider annotating your entities with one of these annotations: org.springframework.data.relational.core.mapping.Table.
2020-03-30 | 22:16:00.603 | [] |  INFO | RepositoryConfigurationDelegate | (   187) | Finished Spring Data repository scanning in 214ms. Found 0 JDBC repository interfaces.
2020-03-30 | 22:16:00.681 | [] |  INFO | RepositoryConfigurationDelegate | (   249) | Multiple Spring Data modules found, entering strict repository configuration mode!
2020-03-30 | 22:16:00.682 | [] |  INFO | RepositoryConfigurationDelegate | (   127) | Bootstrapping Spring Data JPA repositories in DEFAULT mode.
2020-03-30 | 22:16:00.824 | [] |  INFO | RepositoryConfigurationDelegate | (   187) | Finished Spring Data repository scanning in 111ms. Found 1 JPA repository interfaces.
2020-03-30 | 22:16:03.484 | [] |  INFO | TomcatWebServer                | (    92) | Tomcat initialized with port(s): 8080 (http)
2020-03-30 | 22:16:03.537 | [] |  INFO | StandardService                | (   173) | Starting service [Tomcat]
2020-03-30 | 22:16:03.541 | [] |  INFO | StandardEngine                 | (   173) | Starting Servlet engine: [Apache Tomcat/9.0.33]
2020-03-30 | 22:16:04.032 | [] |  INFO | [/api]                         | (   173) | Initializing Spring embedded WebApplicationContext
2020-03-30 | 22:16:04.035 | [] |  INFO | ContextLoader                  | (   284) | Root WebApplicationContext: initialization completed in 7764 ms
2020-03-30 | 22:16:04.812 | [] |  INFO | LogHelper                      | (    31) | HHH000204: Processing PersistenceUnitInfo [name: default]
2020-03-30 | 22:16:05.113 | [] |  INFO | Version                        | (    44) | HHH000412: Hibernate ORM core version 5.4.12.Final
2020-03-30 | 22:16:05.739 | [] |  INFO | Version                        | (    49) | HCANN000001: Hibernate Commons Annotations {5.1.0.Final}
2020-03-30 | 22:16:06.492 | [] |  INFO | HikariDataSource               | (   110) | HikariPool-1 - Starting...
2020-03-30 | 22:16:08.504 | [] |  INFO | HikariDataSource               | (   123) | HikariPool-1 - Start completed.
2020-03-30 | 22:16:08.587 | [] |  INFO | Dialect                        | (   172) | HHH000400: Using dialect: org.hibernate.dialect.MySQL8Dialect
2020-03-30 | 22:16:18.655 | [] |  INFO | JtaPlatformInitiator           | (    52) | HHH000490: Using JtaPlatform implementation: [org.hibernate.engine.transaction.jta.platform.internal.NoJtaPlatform]
2020-03-30 | 22:16:18.774 | [] |  INFO | LocalContainerEntityManagerFactoryBean | (   416) | Initialized JPA EntityManagerFactory for persistence unit 'default'
2020-03-30 | 22:16:20.504 | [] |  WARN | JpaBaseConfiguration$JpaWebConfiguration | (   220) | spring.jpa.open-in-view is enabled by default. Therefore, database queries may be performed during view rendering. Explicitly configure spring.jpa.open-in-view to disable this warning
2020-03-30 | 22:16:21.179 | [] |  INFO | ThreadPoolTaskExecutor         | (   181) | Initializing ExecutorService 'applicationTaskExecutor'
2020-03-30 | 22:16:22.276 | [] |  WARN | Configuration$DefaultTemplateResolverConfiguration | (   106) | Cannot find template location: classpath:/templates/ (please add some templates or check your Thymeleaf configuration)
2020-03-30 | 22:16:24.386 | [] |  INFO | TomcatWebServer                | (   204) | Tomcat started on port(s): 8080 (http) with context path '/api'
2020-03-30 | 22:16:24.395 | [] |  INFO | HoteleApplication              | (    61) | Started HoteleApplication in 29.435 seconds (JVM running for 32.114)
2020-03-30 | 22:20:01.879 | [] |  INFO | HoteleApplication              | (    55) | Starting HoteleApplication on LAPTOP-I9I4MNOL with PID 10068 (C:\Users\Ania\Documents\DreamMail\java\zajęcia_online\Blok_10\hotele\target\classes started by Ania in C:\Users\Ania\Documents\DreamMail\java\zajęcia_online\Blok_10\hotele)
2020-03-30 | 22:20:01.887 | [] | DEBUG | HoteleApplication              | (    56) | Running with Spring Boot v2.2.6.RELEASE, Spring v5.2.5.RELEASE
2020-03-30 | 22:20:01.889 | [] |  INFO | HoteleApplication              | (   655) | The following profiles are active: dev
2020-03-30 | 22:20:03.633 | [] |  INFO | RepositoryConfigurationDelegate | (   249) | Multiple Spring Data modules found, entering strict repository configuration mode!
2020-03-30 | 22:20:03.635 | [] |  INFO | RepositoryConfigurationDelegate | (   127) | Bootstrapping Spring Data JDBC repositories in DEFAULT mode.
2020-03-30 | 22:20:03.713 | [] |  INFO | RepositoryConfigurationExtensionSupport | (   348) | Spring Data JDBC - Could not safely identify store assignment for repository candidate interface akademia.repositories.HotelRepository. If you want this repository to be a JDBC repository, consider annotating your entities with one of these annotations: org.springframework.data.relational.core.mapping.Table.
2020-03-30 | 22:20:03.714 | [] |  INFO | RepositoryConfigurationDelegate | (   187) | Finished Spring Data repository scanning in 72ms. Found 0 JDBC repository interfaces.
2020-03-30 | 22:20:03.730 | [] |  INFO | RepositoryConfigurationDelegate | (   249) | Multiple Spring Data modules found, entering strict repository configuration mode!
2020-03-30 | 22:20:03.732 | [] |  INFO | RepositoryConfigurationDelegate | (   127) | Bootstrapping Spring Data JPA repositories in DEFAULT mode.
2020-03-30 | 22:20:03.780 | [] |  INFO | RepositoryConfigurationDelegate | (   187) | Finished Spring Data repository scanning in 40ms. Found 1 JPA repository interfaces.
2020-03-30 | 22:20:05.041 | [] |  INFO | TomcatWebServer                | (    92) | Tomcat initialized with port(s): 8080 (http)
2020-03-30 | 22:20:05.079 | [] |  INFO | StandardService                | (   173) | Starting service [Tomcat]
2020-03-30 | 22:20:05.081 | [] |  INFO | StandardEngine                 | (   173) | Starting Servlet engine: [Apache Tomcat/9.0.33]
2020-03-30 | 22:20:05.588 | [] |  INFO | [/api]                         | (   173) | Initializing Spring embedded WebApplicationContext
2020-03-30 | 22:20:05.589 | [] |  INFO | ContextLoader                  | (   284) | Root WebApplicationContext: initialization completed in 3602 ms
2020-03-30 | 22:20:06.209 | [] |  INFO | LogHelper                      | (    31) | HHH000204: Processing PersistenceUnitInfo [name: default]
2020-03-30 | 22:20:06.436 | [] |  INFO | Version                        | (    44) | HHH000412: Hibernate ORM core version 5.4.12.Final
2020-03-30 | 22:20:06.852 | [] |  INFO | Version                        | (    49) | HCANN000001: Hibernate Commons Annotations {5.1.0.Final}
2020-03-30 | 22:20:07.467 | [] |  INFO | HikariDataSource               | (   110) | HikariPool-1 - Starting...
2020-03-30 | 22:20:07.927 | [] |  INFO | HikariDataSource               | (   123) | HikariPool-1 - Start completed.
2020-03-30 | 22:20:07.989 | [] |  INFO | Dialect                        | (   172) | HHH000400: Using dialect: org.hibernate.dialect.MySQL8Dialect
2020-03-30 | 22:20:10.613 | [] |  INFO | JtaPlatformInitiator           | (    52) | HHH000490: Using JtaPlatform implementation: [org.hibernate.engine.transaction.jta.platform.internal.NoJtaPlatform]
2020-03-30 | 22:20:10.640 | [] |  INFO | LocalContainerEntityManagerFactoryBean | (   416) | Initialized JPA EntityManagerFactory for persistence unit 'default'
2020-03-30 | 22:20:11.592 | [] |  WARN | JpaBaseConfiguration$JpaWebConfiguration | (   220) | spring.jpa.open-in-view is enabled by default. Therefore, database queries may be performed during view rendering. Explicitly configure spring.jpa.open-in-view to disable this warning
2020-03-30 | 22:20:12.072 | [] |  INFO | ThreadPoolTaskExecutor         | (   181) | Initializing ExecutorService 'applicationTaskExecutor'
2020-03-30 | 22:20:12.613 | [] |  WARN | Configuration$DefaultTemplateResolverConfiguration | (   106) | Cannot find template location: classpath:/templates/ (please add some templates or check your Thymeleaf configuration)
2020-03-30 | 22:20:13.149 | [] |  INFO | TomcatWebServer                | (   204) | Tomcat started on port(s): 8080 (http) with context path '/api'
2020-03-30 | 22:20:13.157 | [] |  INFO | HoteleApplication              | (    61) | Started HoteleApplication in 12.295 seconds (JVM running for 14.476)
